<?xml version="1.0" encoding="UTF-8"?>
<testsuite name="AdventTest" tests="1" skipped="0" failures="0" errors="0" timestamp="2021-03-29T16:35:45" hostname="LAPTOP-Q50VNPOL" time="0.02">
  <properties/>
  <testcase name="day13Test" classname="AdventTest" time="0.02"/>
  <system-out><![CDATA[Attempting to read from file in: C:\Users\etien\Documents\GitFolders\AdventCalendar2020\src\test\resources\input13b.txt
7 wT 6
13 wT 10
59 wT 5
31 wT 22
19 wT 11
]]></system-out>
  <system-err><![CDATA[]]></system-err>
</testsuite>
