<?xml version="1.0" encoding="UTF-8"?>
<testsuite name="AdventTest" tests="1" skipped="0" failures="0" errors="0" timestamp="2021-01-20T01:35:10" hostname="LAPTOP-Q50VNPOL" time="0.086">
  <properties/>
  <testcase name="day10Test" classname="AdventTest" time="0.086"/>
  <system-out><![CDATA[Attempting to read from file in: C:\Users\etien\Documents\GitFolders\AdventCalendar2020\src\test\resources\input10b.txt
1;   0; 1; 1
2;   1; 1; 1
3;   2; 1; 1
4;   3; 1; 1
7;   4; 1; 1
8;   0; 7; 1
9;   1; 7; 1
10;   2; 7; 1
11;   3; 7; 1
14;   4; 7; 1
17;   0; 49; 1
18;   0; 49; 1
19;   1; 49; 1
20;   2; 49; 1
23;   3; 49; 1
24;   0; 196; 1
25;   1; 196; 1
28;   2; 196; 1
31;   0; 392; 1
32;   0; 392; 1
33;   1; 392; 1
34;   2; 392; 1
35;   3; 392; 1
38;   4; 392; 1
39;   0; 2744; 1
42;   1; 2744; 1
45;   0; 2744; 1
46;   0; 2744; 1
47;   1; 2744; 1
48;   2; 2744; 1
49;   3; 2744; 1
0; 1; 2; 3; 4; 7; 8; 9; 10; 11; 14; 17; 18; 19; 20; 23; 24; 25; 28; 31; 32; 33; 34; 35; 38; 39; 42; 45; 46; 47; 48; 49; 
]]></system-out>
  <system-err><![CDATA[]]></system-err>
</testsuite>
