<?xml version="1.0" encoding="UTF-8"?>
<testsuite name="AdventTest" tests="1" skipped="0" failures="0" errors="0" timestamp="2021-01-19T23:01:42" hostname="LAPTOP-Q50VNPOL" time="0.03">
  <properties/>
  <testcase name="day9Test" classname="AdventTest" time="0.03"/>
  <system-out><![CDATA[Attempting to read from file in: C:\Users\etien\Documents\GitFolders\AdventCalendar2020\src\test\resources\input9b.txt
]]></system-out>
  <system-err><![CDATA[]]></system-err>
</testsuite>
